#
# There is insufficient memory for the Java Runtime Environment to continue.
# Native memory allocation (mmap) failed to map 6912212992 bytes for committing reserved memory.
# Possible reasons:
#   The system is out of physical RAM or swap space
#   The process is running with CompressedOops enabled, and the Java Heap may be blocking the growth of the native heap
# Possible solutions:
#   Reduce memory load on the system
#   Increase physical memory or swap space
#   Check if swap backing store is full
#   Decrease Java heap size (-Xmx/-Xms)
#   Decrease number of Java threads
#   Decrease Java thread stack sizes (-Xss)
#   Set larger code cache with -XX:ReservedCodeCacheSize=
# This output file may be truncated or incomplete.
#
#  Out of Memory Error (os_linux.cpp:2719), pid=6026, tid=6027
#
# JRE version:  (11.0.3+7) (build )
# Java VM: OpenJDK 64-Bit Server VM (11.0.3+7-Ubuntu-1ubuntu218.04.1, mixed mode, aot, sharing, tiered, compressed oops, g1 gc, linux-amd64)
# Core dump will be written. Default location: Core dumps may be processed with "/usr/share/apport/apport %p %s %c %d %P" (or dumping to /home/kensim/MC_Server_Charmaine/core.6026)
#

---------------  S U M M A R Y ------------

Command Line: -Xms6592M -Xmx6592M spigot-1.14.1.jar

Host: Intel(R) Xeon(R) CPU E5-2673 v4 @ 2.30GHz, 2 cores, 3G, Ubuntu 18.04.2 LTS
Time: Tue Jun  4 13:35:32 2019 UTC elapsed time: 0 seconds (0d 0h 0m 0s)

---------------  T H R E A D  ---------------

Current thread (0x00007f91fc011800):  JavaThread "Unknown thread" [_thread_in_vm, id=6027, stack(0x00007f9206535000,0x00007f9206636000)]

Stack: [0x00007f9206535000,0x00007f9206636000],  sp=0x00007f92066342c0,  free space=1020k
Native frames: (J=compiled Java code, A=aot compiled Java code, j=interpreted, Vv=VM code, C=native code)
V  [libjvm.so+0xde1587]
V  [libjvm.so+0xde21db]
V  [libjvm.so+0x650895]
V  [libjvm.so+0xbbc6c8]
V  [libjvm.so+0xbb3f2d]
V  [libjvm.so+0x76ea7f]
V  [libjvm.so+0x76ecee]
V  [libjvm.so+0x77ad60]
V  [libjvm.so+0x7f5e29]
V  [libjvm.so+0x7f6a82]
V  [libjvm.so+0x7f6ee9]
V  [libjvm.so+0x72d3af]
V  [libjvm.so+0x72da9d]
V  [libjvm.so+0xd9bae2]
V  [libjvm.so+0xd9bd76]
V  [libjvm.so+0x80edc7]
V  [libjvm.so+0xd7a797]
V  [libjvm.so+0x8c7ad1]  JNI_CreateJavaVM+0x51
C  [libjli.so+0x4816]
C  [libjli.so+0x900d]


---------------  P R O C E S S  ---------------

Threads class SMR info:
_java_thread_list=0x000055661fb412a0, length=0, elements={
}

Java Threads: ( => current thread )

Other Threads:
  0x00007f91fc028000 GCTaskThread "GC Thread#0" [stack: 0x00007f920251f000,0x00007f920261f000] [id=6028]
  0x00007f91fc058800 ConcurrentGCThread "G1 Main Marker" [stack: 0x00007f920085b000,0x00007f920095b000] [id=6029]
  0x00007f91fc05a800 ConcurrentGCThread "G1 Conc#0" [stack: 0x00007f9200759000,0x00007f9200859000] [id=6030]

[error occurred during error reporting (printing all threads), id 0xb, SIGSEGV (0xb) at pc=0x00007f9204b0c580]

VM state:not at safepoint (not fully initialized)

VM Mutex/Monitor currently owned by a thread:  ([mutex/lock_event])
[0x00007f91fc00e3d0] Heap_lock - owner thread: 0x00007f91fc011800

Heap address: 0x0000000664000000, size: 6592 MB, Compressed Oops mode: Non-zero based: 0x0000000664000000
Narrow klass base: 0x0000000000000000, Narrow klass shift: 0

GC Heap History (0 events):
No events

Deoptimization events (0 events):
No events

Classes redefined (0 events):
No events

Internal exceptions (0 events):
No events

Events (0 events):
No events


Dynamic libraries:
55661dee4000-55661dee5000 r-xp 00000000 08:01 271921                     /usr/lib/jvm/java-11-openjdk-amd64/bin/java
55661e0e5000-55661e0e6000 r--p 00001000 08:01 271921                     /usr/lib/jvm/java-11-openjdk-amd64/bin/java
55661e0e6000-55661e0e7000 rw-p 00002000 08:01 271921                     /usr/lib/jvm/java-11-openjdk-amd64/bin/java
55661fb29000-55661fb4a000 rw-p 00000000 00:00 0                          [heap]
7f91c4000000-7f91c4021000 rw-p 00000000 00:00 0 
7f91c4021000-7f91c8000000 ---p 00000000 00:00 0 
7f91cc000000-7f91cc021000 rw-p 00000000 00:00 0 
7f91cc021000-7f91d0000000 ---p 00000000 00:00 0 
7f91d0520000-7f91d2520000 rw-p 00000000 00:00 0 
7f91d2520000-7f91e0000000 ---p 00000000 00:00 0 
7f91e0000000-7f91e0021000 rw-p 00000000 00:00 0 
7f91e0021000-7f91e4000000 ---p 00000000 00:00 0 
7f91e497e000-7f91e4bee000 rwxp 00000000 00:00 0 
7f91e4bee000-7f91e4f0d000 ---p 00000000 00:00 0 
7f91e4f0d000-7f91e517d000 rwxp 00000000 00:00 0 
7f91e517d000-7f91ec445000 ---p 00000000 00:00 0 
7f91ec445000-7f91ec6b5000 rwxp 00000000 00:00 0 
7f91ec6b5000-7f91f397e000 ---p 00000000 00:00 0 
7f91f397e000-7f91fc000000 r--s 00000000 08:01 272083                     /usr/lib/jvm/java-11-openjdk-amd64/lib/modules
7f91fc000000-7f91fc06d000 rw-p 00000000 00:00 0 
7f91fc06d000-7f9200000000 ---p 00000000 00:00 0 
7f9200555000-7f9200757000 rw-p 00000000 00:00 0 
7f9200757000-7f9200758000 ---p 00000000 00:00 0 
7f9200758000-7f9200859000 rw-p 00000000 00:00 0 
7f9200859000-7f920085a000 ---p 00000000 00:00 0 
7f920085a000-7f920095b000 rw-p 00000000 00:00 0 
7f920095b000-7f920231b000 ---p 00000000 00:00 0 
7f920231b000-7f920251d000 rw-p 00000000 00:00 0 
7f920251d000-7f920251e000 ---p 00000000 00:00 0 
7f920251e000-7f9202624000 rw-p 00000000 00:00 0 
7f9202624000-7f920270a000 ---p 00000000 00:00 0 
7f920270a000-7f920270f000 rw-p 00000000 00:00 0 
7f920270f000-7f92027f5000 ---p 00000000 00:00 0 
7f92027f5000-7f92027fa000 r-xp 00000000 08:01 272065                     /usr/lib/jvm/java-11-openjdk-amd64/lib/libjimage.so
7f92027fa000-7f92029f9000 ---p 00005000 08:01 272065                     /usr/lib/jvm/java-11-openjdk-amd64/lib/libjimage.so
7f92029f9000-7f92029fa000 r--p 00004000 08:01 272065                     /usr/lib/jvm/java-11-openjdk-amd64/lib/libjimage.so
7f92029fa000-7f92029fb000 rw-p 00005000 08:01 272065                     /usr/lib/jvm/java-11-openjdk-amd64/lib/libjimage.so
7f92029fb000-7f9202a02000 r-xp 00000000 08:01 272082                     /usr/lib/jvm/java-11-openjdk-amd64/lib/libzip.so
7f9202a02000-7f9202c01000 ---p 00007000 08:01 272082                     /usr/lib/jvm/java-11-openjdk-amd64/lib/libzip.so
7f9202c01000-7f9202c02000 r--p 00006000 08:01 272082                     /usr/lib/jvm/java-11-openjdk-amd64/lib/libzip.so
7f9202c02000-7f9202c03000 rw-p 00007000 08:01 272082                     /usr/lib/jvm/java-11-openjdk-amd64/lib/libzip.so
7f9202c03000-7f9202c0e000 r-xp 00000000 08:01 2094                       /lib/x86_64-linux-gnu/libnss_files-2.27.so
7f9202c0e000-7f9202e0d000 ---p 0000b000 08:01 2094                       /lib/x86_64-linux-gnu/libnss_files-2.27.so
7f9202e0d000-7f9202e0e000 r--p 0000a000 08:01 2094                       /lib/x86_64-linux-gnu/libnss_files-2.27.so
7f9202e0e000-7f9202e0f000 rw-p 0000b000 08:01 2094                       /lib/x86_64-linux-gnu/libnss_files-2.27.so
7f9202e0f000-7f9202e15000 rw-p 00000000 00:00 0 
7f9202e15000-7f9202e2c000 r-xp 00000000 08:01 2091                       /lib/x86_64-linux-gnu/libnsl-2.27.so
7f9202e2c000-7f920302b000 ---p 00017000 08:01 2091                       /lib/x86_64-linux-gnu/libnsl-2.27.so
7f920302b000-7f920302c000 r--p 00016000 08:01 2091                       /lib/x86_64-linux-gnu/libnsl-2.27.so
7f920302c000-7f920302d000 rw-p 00017000 08:01 2091                       /lib/x86_64-linux-gnu/libnsl-2.27.so
7f920302d000-7f920302f000 rw-p 00000000 00:00 0 
7f920302f000-7f920303a000 r-xp 00000000 08:01 2096                       /lib/x86_64-linux-gnu/libnss_nis-2.27.so
7f920303a000-7f9203239000 ---p 0000b000 08:01 2096                       /lib/x86_64-linux-gnu/libnss_nis-2.27.so
7f9203239000-7f920323a000 r--p 0000a000 08:01 2096                       /lib/x86_64-linux-gnu/libnss_nis-2.27.so
7f920323a000-7f920323b000 rw-p 0000b000 08:01 2096                       /lib/x86_64-linux-gnu/libnss_nis-2.27.so
7f920323b000-7f9203243000 r-xp 00000000 08:01 2092                       /lib/x86_64-linux-gnu/libnss_compat-2.27.so
7f9203243000-7f9203443000 ---p 00008000 08:01 2092                       /lib/x86_64-linux-gnu/libnss_compat-2.27.so
7f9203443000-7f9203444000 r--p 00008000 08:01 2092                       /lib/x86_64-linux-gnu/libnss_compat-2.27.so
7f9203444000-7f9203445000 rw-p 00009000 08:01 2092                       /lib/x86_64-linux-gnu/libnss_compat-2.27.so
7f9203445000-7f920346e000 r-xp 00000000 08:01 272061                     /usr/lib/jvm/java-11-openjdk-amd64/lib/libjava.so
7f920346e000-7f920366d000 ---p 00029000 08:01 272061                     /usr/lib/jvm/java-11-openjdk-amd64/lib/libjava.so
7f920366d000-7f920366e000 r--p 00028000 08:01 272061                     /usr/lib/jvm/java-11-openjdk-amd64/lib/libjava.so
7f920366e000-7f9203670000 rw-p 00029000 08:01 272061                     /usr/lib/jvm/java-11-openjdk-amd64/lib/libjava.so
7f9203670000-7f920367d000 r-xp 00000000 08:01 272081                     /usr/lib/jvm/java-11-openjdk-amd64/lib/libverify.so
7f920367d000-7f920387c000 ---p 0000d000 08:01 272081                     /usr/lib/jvm/java-11-openjdk-amd64/lib/libverify.so
7f920387c000-7f920387e000 r--p 0000c000 08:01 272081                     /usr/lib/jvm/java-11-openjdk-amd64/lib/libverify.so
7f920387e000-7f920387f000 rw-p 0000e000 08:01 272081                     /usr/lib/jvm/java-11-openjdk-amd64/lib/libverify.so
7f920387f000-7f9203886000 r-xp 00000000 08:01 2182                       /lib/x86_64-linux-gnu/librt-2.27.so
7f9203886000-7f9203a85000 ---p 00007000 08:01 2182                       /lib/x86_64-linux-gnu/librt-2.27.so
7f9203a85000-7f9203a86000 r--p 00006000 08:01 2182                       /lib/x86_64-linux-gnu/librt-2.27.so
7f9203a86000-7f9203a87000 rw-p 00007000 08:01 2182                       /lib/x86_64-linux-gnu/librt-2.27.so
7f9203a87000-7f9203a9e000 r-xp 00000000 08:01 2097                       /lib/x86_64-linux-gnu/libgcc_s.so.1
7f9203a9e000-7f9203c9d000 ---p 00017000 08:01 2097                       /lib/x86_64-linux-gnu/libgcc_s.so.1
7f9203c9d000-7f9203c9e000 r--p 00016000 08:01 2097                       /lib/x86_64-linux-gnu/libgcc_s.so.1
7f9203c9e000-7f9203c9f000 rw-p 00017000 08:01 2097                       /lib/x86_64-linux-gnu/libgcc_s.so.1
7f9203c9f000-7f9203e3c000 r-xp 00000000 08:01 2088                       /lib/x86_64-linux-gnu/libm-2.27.so
7f9203e3c000-7f920403b000 ---p 0019d000 08:01 2088                       /lib/x86_64-linux-gnu/libm-2.27.so
7f920403b000-7f920403c000 r--p 0019c000 08:01 2088                       /lib/x86_64-linux-gnu/libm-2.27.so
7f920403c000-7f920403d000 rw-p 0019d000 08:01 2088                       /lib/x86_64-linux-gnu/libm-2.27.so
7f920403d000-7f92041b6000 r-xp 00000000 08:01 5029                       /usr/lib/x86_64-linux-gnu/libstdc++.so.6.0.25
7f92041b6000-7f92043b6000 ---p 00179000 08:01 5029                       /usr/lib/x86_64-linux-gnu/libstdc++.so.6.0.25
7f92043b6000-7f92043c0000 r--p 00179000 08:01 5029                       /usr/lib/x86_64-linux-gnu/libstdc++.so.6.0.25
7f92043c0000-7f92043c2000 rw-p 00183000 08:01 5029                       /usr/lib/x86_64-linux-gnu/libstdc++.so.6.0.25
7f92043c2000-7f92043c6000 rw-p 00000000 00:00 0 
7f92043c6000-7f920548e000 r-xp 00000000 08:01 272088                     /usr/lib/jvm/java-11-openjdk-amd64/lib/server/libjvm.so
7f920548e000-7f920568e000 ---p 010c8000 08:01 272088                     /usr/lib/jvm/java-11-openjdk-amd64/lib/server/libjvm.so
7f920568e000-7f920574b000 r--p 010c8000 08:01 272088                     /usr/lib/jvm/java-11-openjdk-amd64/lib/server/libjvm.so
7f920574b000-7f9205784000 rw-p 01185000 08:01 272088                     /usr/lib/jvm/java-11-openjdk-amd64/lib/server/libjvm.so
7f9205784000-7f92057da000 rw-p 00000000 00:00 0 
7f92057da000-7f92057f4000 r-xp 00000000 08:01 2180                       /lib/x86_64-linux-gnu/libpthread-2.27.so
7f92057f4000-7f92059f3000 ---p 0001a000 08:01 2180                       /lib/x86_64-linux-gnu/libpthread-2.27.so
7f92059f3000-7f92059f4000 r--p 00019000 08:01 2180                       /lib/x86_64-linux-gnu/libpthread-2.27.so
7f92059f4000-7f92059f5000 rw-p 0001a000 08:01 2180                       /lib/x86_64-linux-gnu/libpthread-2.27.so
7f92059f5000-7f92059f9000 rw-p 00000000 00:00 0 
7f92059f9000-7f92059fc000 r-xp 00000000 08:01 2087                       /lib/x86_64-linux-gnu/libdl-2.27.so
7f92059fc000-7f9205bfb000 ---p 00003000 08:01 2087                       /lib/x86_64-linux-gnu/libdl-2.27.so
7f9205bfb000-7f9205bfc000 r--p 00002000 08:01 2087                       /lib/x86_64-linux-gnu/libdl-2.27.so
7f9205bfc000-7f9205bfd000 rw-p 00003000 08:01 2087                       /lib/x86_64-linux-gnu/libdl-2.27.so
7f9205bfd000-7f9205c19000 r-xp 00000000 08:01 2186                       /lib/x86_64-linux-gnu/libz.so.1.2.11
7f9205c19000-7f9205e18000 ---p 0001c000 08:01 2186                       /lib/x86_64-linux-gnu/libz.so.1.2.11
7f9205e18000-7f9205e19000 r--p 0001b000 08:01 2186                       /lib/x86_64-linux-gnu/libz.so.1.2.11
7f9205e19000-7f9205e1a000 rw-p 0001c000 08:01 2186                       /lib/x86_64-linux-gnu/libz.so.1.2.11
7f9205e1a000-7f9206001000 r-xp 00000000 08:01 2084                       /lib/x86_64-linux-gnu/libc-2.27.so
7f9206001000-7f9206201000 ---p 001e7000 08:01 2084                       /lib/x86_64-linux-gnu/libc-2.27.so
7f9206201000-7f9206205000 r--p 001e7000 08:01 2084                       /lib/x86_64-linux-gnu/libc-2.27.so
7f9206205000-7f9206207000 rw-p 001eb000 08:01 2084                       /lib/x86_64-linux-gnu/libc-2.27.so
7f9206207000-7f920620b000 rw-p 00000000 00:00 0 
7f920620b000-7f920621a000 r-xp 00000000 08:01 272046                     /usr/lib/jvm/java-11-openjdk-amd64/lib/jli/libjli.so
7f920621a000-7f920641a000 ---p 0000f000 08:01 272046                     /usr/lib/jvm/java-11-openjdk-amd64/lib/jli/libjli.so
7f920641a000-7f920641b000 r--p 0000f000 08:01 272046                     /usr/lib/jvm/java-11-openjdk-amd64/lib/jli/libjli.so
7f920641b000-7f920641c000 rw-p 00010000 08:01 272046                     /usr/lib/jvm/java-11-openjdk-amd64/lib/jli/libjli.so
7f920641c000-7f9206443000 r-xp 00000000 08:01 2080                       /lib/x86_64-linux-gnu/ld-2.27.so
7f920647f000-7f9206526000 rw-p 00000000 00:00 0 
7f9206526000-7f920652d000 ---p 00000000 00:00 0 
7f920652d000-7f9206535000 rw-s 00000000 08:01 258282                     /tmp/hsperfdata_kensim/6026
7f9206535000-7f9206539000 ---p 00000000 00:00 0 
7f9206539000-7f9206638000 rw-p 00000000 00:00 0 
7f920663d000-7f920663f000 r--s 00007000 08:01 12166                      /usr/share/java/java-atk-wrapper.jar
7f920663f000-7f9206640000 ---p 00000000 00:00 0 
7f9206640000-7f9206641000 r--p 00000000 00:00 0 
7f9206641000-7f9206643000 rw-p 00000000 00:00 0 
7f9206643000-7f9206644000 r--p 00027000 08:01 2080                       /lib/x86_64-linux-gnu/ld-2.27.so
7f9206644000-7f9206645000 rw-p 00028000 08:01 2080                       /lib/x86_64-linux-gnu/ld-2.27.so
7f9206645000-7f9206646000 rw-p 00000000 00:00 0 
7ffdbdba4000-7ffdbdbc5000 rw-p 00000000 00:00 0                          [stack]
7ffdbdbe9000-7ffdbdbec000 r--p 00000000 00:00 0                          [vvar]
7ffdbdbec000-7ffdbdbee000 r-xp 00000000 00:00 0                          [vdso]
ffffffffff600000-ffffffffff601000 r-xp 00000000 00:00 0                  [vsyscall]


VM Arguments:
jvm_args: -Xms6592M -Xmx6592M 
java_command: spigot-1.14.1.jar
java_class_path (initial): spigot-1.14.1.jar
Launcher Type: SUN_STANDARD

[Global flags]
     intx CICompilerCount                          = 2                                         {product} {ergonomic}
     uint ConcGCThreads                            = 1                                         {product} {ergonomic}
     uint G1ConcRefinementThreads                  = 2                                         {product} {ergonomic}
   size_t G1HeapRegionSize                         = 2097152                                   {product} {ergonomic}
    uintx GCDrainStackTargetSize                   = 64                                        {product} {ergonomic}
   size_t InitialHeapSize                          = 6912212992                                {product} {command line}
   size_t MarkStackSize                            = 4194304                                   {product} {ergonomic}
   size_t MaxHeapSize                              = 6912212992                                {product} {command line}
   size_t MinHeapDeltaBytes                        = 2097152                                   {product} {ergonomic}
    uintx NonNMethodCodeHeapSize                   = 5824844                                {pd product} {ergonomic}
    uintx NonProfiledCodeHeapSize                  = 122916698                              {pd product} {ergonomic}
    uintx ProfiledCodeHeapSize                     = 122916698                              {pd product} {ergonomic}
    uintx ReservedCodeCacheSize                    = 251658240                              {pd product} {ergonomic}
     bool SegmentedCodeCache                       = true                                      {product} {ergonomic}
     bool UseCompressedClassPointers               = true                                 {lp64_product} {ergonomic}
     bool UseCompressedOops                        = true                                 {lp64_product} {ergonomic}
     bool UseG1GC                                  = true                                      {product} {ergonomic}

Logging:
Log output configuration:
 #0: stdout all=warning uptime,level,tags
 #1: stderr all=off uptime,level,tags

Environment Variables:
PATH=/usr/local/sbin:/usr/local/bin:/usr/sbin:/usr/bin:/sbin:/bin:/usr/games:/usr/local/games:/snap/bin
SHELL=/bin/bash

Signal Handlers:
SIGSEGV: [libjvm.so+0xde2f90], sa_mask[0]=11111111011111111101111111111110, sa_flags=SA_RESTART|SA_SIGINFO
SIGBUS: [libjvm.so+0xde2f90], sa_mask[0]=11111111011111111101111111111110, sa_flags=SA_RESTART|SA_SIGINFO
SIGFPE: [libjvm.so+0xde2f90], sa_mask[0]=11111111011111111101111111111110, sa_flags=SA_RESTART|SA_SIGINFO
SIGPIPE: [libjvm.so+0xbb85d0], sa_mask[0]=11111111011111111101111111111110, sa_flags=SA_RESTART|SA_SIGINFO
SIGXFSZ: [libjvm.so+0xbb85d0], sa_mask[0]=11111111011111111101111111111110, sa_flags=SA_RESTART|SA_SIGINFO
SIGILL: [libjvm.so+0xde2f90], sa_mask[0]=11111111011111111101111111111110, sa_flags=SA_RESTART|SA_SIGINFO
SIGUSR2: [libjvm.so+0xbb8470], sa_mask[0]=00000000000000000000000000000000, sa_flags=SA_RESTART|SA_SIGINFO
SIGHUP: SIG_DFL, sa_mask[0]=00000000000000000000000000000000, sa_flags=none
SIGINT: SIG_DFL, sa_mask[0]=00000000000000000000000000000000, sa_flags=none
SIGTERM: SIG_DFL, sa_mask[0]=00000000000000000000000000000000, sa_flags=none
SIGQUIT: SIG_DFL, sa_mask[0]=00000000000000000000000000000000, sa_flags=none


---------------  S Y S T E M  ---------------

OS:DISTRIB_ID=Ubuntu
DISTRIB_RELEASE=18.04
DISTRIB_CODENAME=bionic
DISTRIB_DESCRIPTION="Ubuntu 18.04.2 LTS"
uname:Linux 4.18.0-1018-azure #18~18.04.1-Ubuntu SMP Tue May 7 18:09:35 UTC 2019 x86_64
libc:glibc 2.27 NPTL 2.27 
rlimit: STACK 8192k, CORE 0k, NPROC 15584, NOFILE 1048576, AS infinity, DATA infinity, FSIZE infinity
load average:0.34 0.47 0.24

/proc/meminfo:
MemTotal:        4014296 kB
MemFree:         2810784 kB
MemAvailable:    3479264 kB
Buffers:           47904 kB
Cached:           790580 kB
SwapCached:            0 kB
Active:           312376 kB
Inactive:         591652 kB
Active(anon):      65920 kB
Inactive(anon):      288 kB
Active(file):     246456 kB
Inactive(file):   591364 kB
Unevictable:           0 kB
Mlocked:               0 kB
SwapTotal:             0 kB
SwapFree:              0 kB
Dirty:                48 kB
Writeback:             0 kB
AnonPages:         65444 kB
Mapped:            42664 kB
Shmem:               672 kB
Slab:             150456 kB
SReclaimable:      86296 kB
SUnreclaim:        64160 kB
KernelStack:        4412 kB
PageTables:         4100 kB
NFS_Unstable:          0 kB
Bounce:                0 kB
WritebackTmp:          0 kB
CommitLimit:     2007148 kB
Committed_AS:     292384 kB
VmallocTotal:   34359738367 kB
VmallocUsed:           0 kB
VmallocChunk:          0 kB
HardwareCorrupted:     0 kB
AnonHugePages:      2048 kB
ShmemHugePages:        0 kB
ShmemPmdMapped:        0 kB
CmaTotal:              0 kB
CmaFree:               0 kB
HugePages_Total:       0
HugePages_Free:        0
HugePages_Rsvd:        0
HugePages_Surp:        0
Hugepagesize:       2048 kB
Hugetlb:               0 kB
DirectMap4k:      128960 kB
DirectMap2M:     3016704 kB
DirectMap1G:     3145728 kB


/proc/sys/kernel/threads-max (system-wide limit on the number of threads):
31168


/proc/sys/vm/max_map_count (maximum number of memory map areas a process may have):
65530


/proc/sys/kernel/pid_max (system-wide limit on number of process identifiers):
131072



container (cgroup) information:
container_type: cgroupv1
cpu_cpuset_cpus: 0-1
cpu_memory_nodes: 0
active_processor_count: 2
cpu_quota: -1
cpu_period: 100000
cpu_shares: -1
memory_limit_in_bytes: -1
memory_and_swap_limit_in_bytes: -2
memory_soft_limit_in_bytes: -1
memory_usage_in_bytes: 715485184
memory_max_usage_in_bytes: 887947264


CPU:total 2 (initial active 2) (2 cores per cpu, 1 threads per core) family 6 model 79 stepping 1, cmov, cx8, fxsr, mmx, sse, sse2, sse3, ssse3, sse4.1, sse4.2, popcnt, avx, avx2, aes, clmul, erms, rtm, 3dnowpref, lzcnt, tsc, bmi1, bmi2, adx, fma
CPU Model and flags from /proc/cpuinfo:
model name	: Intel(R) Xeon(R) CPU E5-2673 v4 @ 2.30GHz
flags		: fpu vme de pse tsc msr pae mce cx8 apic sep mtrr pge mca cmov pat pse36 clflush mmx fxsr sse sse2 ss ht syscall nx pdpe1gb rdtscp lm constant_tsc rep_good nopl xtopology cpuid pni pclmulqdq ssse3 fma cx16 pcid sse4_1 sse4_2 movbe popcnt aes xsave avx f16c rdrand hypervisor lahf_lm abm 3dnowprefetch invpcid_single pti fsgsbase bmi1 hle avx2 smep bmi2 erms invpcid rtm rdseed adx smap xsaveopt md_clear

Memory: 4k page, physical 4014296k(2810784k free), swap 0k(0k free)

vm_info: OpenJDK 64-Bit Server VM (11.0.3+7-Ubuntu-1ubuntu218.04.1) for linux-amd64 JRE (11.0.3+7-Ubuntu-1ubuntu218.04.1), built on Apr 23 2019 18:34:35 by "buildd" with gcc 7.3.0

END.
