#
# There is insufficient memory for the Java Runtime Environment to continue.
# Native memory allocation (mmap) failed to map 7541358592 bytes for committing reserved memory.
# Possible reasons:
#   The system is out of physical RAM or swap space
#   The process is running with CompressedOops enabled, and the Java Heap may be blocking the growth of the native heap
# Possible solutions:
#   Reduce memory load on the system
#   Increase physical memory or swap space
#   Check if swap backing store is full
#   Decrease Java heap size (-Xmx/-Xms)
#   Decrease number of Java threads
#   Decrease Java thread stack sizes (-Xss)
#   Set larger code cache with -XX:ReservedCodeCacheSize=
# This output file may be truncated or incomplete.
#
#  Out of Memory Error (os_linux.cpp:2719), pid=6004, tid=6005
#
# JRE version:  (11.0.3+7) (build )
# Java VM: OpenJDK 64-Bit Server VM (11.0.3+7-Ubuntu-1ubuntu218.04.1, mixed mode, aot, sharing, tiered, compressed oops, g1 gc, linux-amd64)
# Core dump will be written. Default location: Core dumps may be processed with "/usr/share/apport/apport %p %s %c %d %P" (or dumping to /home/kensim/MC_Server_Charmaine/core.6004)
#

---------------  S U M M A R Y ------------

Command Line: -Xms7192M -Xmx7192M spigot-1.14.1.jar

Host: Intel(R) Xeon(R) CPU E5-2673 v4 @ 2.30GHz, 2 cores, 3G, Ubuntu 18.04.2 LTS
Time: Tue Jun  4 13:35:17 2019 UTC elapsed time: 0 seconds (0d 0h 0m 0s)

---------------  T H R E A D  ---------------

Current thread (0x00007f9b98011800):  JavaThread "Unknown thread" [_thread_in_vm, id=6005, stack(0x00007f9ba28b3000,0x00007f9ba29b4000)]

Stack: [0x00007f9ba28b3000,0x00007f9ba29b4000],  sp=0x00007f9ba29b22c0,  free space=1020k
Native frames: (J=compiled Java code, A=aot compiled Java code, j=interpreted, Vv=VM code, C=native code)
V  [libjvm.so+0xde1587]
V  [libjvm.so+0xde21db]
V  [libjvm.so+0x650895]
V  [libjvm.so+0xbbc6c8]
V  [libjvm.so+0xbb3f2d]
V  [libjvm.so+0x76ea7f]
V  [libjvm.so+0x76ecee]
V  [libjvm.so+0x77ad60]
V  [libjvm.so+0x7f5e29]
V  [libjvm.so+0x7f6a82]
V  [libjvm.so+0x7f6ee9]
V  [libjvm.so+0x72d3af]
V  [libjvm.so+0x72da9d]
V  [libjvm.so+0xd9bae2]
V  [libjvm.so+0xd9bd76]
V  [libjvm.so+0x80edc7]
V  [libjvm.so+0xd7a797]
V  [libjvm.so+0x8c7ad1]  JNI_CreateJavaVM+0x51
C  [libjli.so+0x4816]
C  [libjli.so+0x900d]


---------------  P R O C E S S  ---------------

Threads class SMR info:
_java_thread_list=0x000056349ff832a0, length=0, elements={
}

Java Threads: ( => current thread )

Other Threads:
  0x00007f9b98028000 GCTaskThread "GC Thread#0" [stack: 0x00007f9b9e89d000,0x00007f9b9e99d000] [id=6006]
  0x00007f9b9805c800 ConcurrentGCThread "G1 Main Marker" [stack: 0x00007f9b9c981000,0x00007f9b9ca81000] [id=6007]
  0x00007f9b9805e800 ConcurrentGCThread "G1 Conc#0" [stack: 0x00007f9b9c87f000,0x00007f9b9c97f000] [id=6008]

[error occurred during error reporting (printing all threads), id 0xb, SIGSEGV (0xb) at pc=0x00007f9ba0e8a580]

VM state:not at safepoint (not fully initialized)

VM Mutex/Monitor currently owned by a thread:  ([mutex/lock_event])
[0x00007f9b9800e3d0] Heap_lock - owner thread: 0x00007f9b98011800

Heap address: 0x000000063e800000, size: 7192 MB, Compressed Oops mode: Non-zero based: 0x000000063e800000
Narrow klass base: 0x0000000000000000, Narrow klass shift: 0

GC Heap History (0 events):
No events

Deoptimization events (0 events):
No events

Classes redefined (0 events):
No events

Internal exceptions (0 events):
No events

Events (0 events):
No events


Dynamic libraries:
56349f57e000-56349f57f000 r-xp 00000000 08:01 271921                     /usr/lib/jvm/java-11-openjdk-amd64/bin/java
56349f77f000-56349f780000 r--p 00001000 08:01 271921                     /usr/lib/jvm/java-11-openjdk-amd64/bin/java
56349f780000-56349f781000 rw-p 00002000 08:01 271921                     /usr/lib/jvm/java-11-openjdk-amd64/bin/java
56349ff6b000-56349ff8c000 rw-p 00000000 00:00 0                          [heap]
7f9b60000000-7f9b60021000 rw-p 00000000 00:00 0 
7f9b60021000-7f9b64000000 ---p 00000000 00:00 0 
7f9b66000000-7f9b68000000 rw-p 00000000 00:00 0 
7f9b68000000-7f9b68021000 rw-p 00000000 00:00 0 
7f9b68021000-7f9b6c000000 ---p 00000000 00:00 0 
7f9b6d134000-7f9b7c000000 ---p 00000000 00:00 0 
7f9b7c000000-7f9b7c021000 rw-p 00000000 00:00 0 
7f9b7c021000-7f9b80000000 ---p 00000000 00:00 0 
7f9b8097e000-7f9b80bee000 rwxp 00000000 00:00 0 
7f9b80bee000-7f9b80f0d000 ---p 00000000 00:00 0 
7f9b80f0d000-7f9b8117d000 rwxp 00000000 00:00 0 
7f9b8117d000-7f9b88445000 ---p 00000000 00:00 0 
7f9b88445000-7f9b886b5000 rwxp 00000000 00:00 0 
7f9b886b5000-7f9b8f97e000 ---p 00000000 00:00 0 
7f9b8f97e000-7f9b98000000 r--s 00000000 08:01 272083                     /usr/lib/jvm/java-11-openjdk-amd64/lib/modules
7f9b98000000-7f9b98071000 rw-p 00000000 00:00 0 
7f9b98071000-7f9b9c000000 ---p 00000000 00:00 0 
7f9b9c67b000-7f9b9c87d000 rw-p 00000000 00:00 0 
7f9b9c87d000-7f9b9c87e000 ---p 00000000 00:00 0 
7f9b9c87e000-7f9b9c97f000 rw-p 00000000 00:00 0 
7f9b9c97f000-7f9b9c980000 ---p 00000000 00:00 0 
7f9b9c980000-7f9b9ca81000 rw-p 00000000 00:00 0 
7f9b9ca81000-7f9b9e699000 ---p 00000000 00:00 0 
7f9b9e699000-7f9b9e89b000 rw-p 00000000 00:00 0 
7f9b9e89b000-7f9b9e89c000 ---p 00000000 00:00 0 
7f9b9e89c000-7f9b9e9a2000 rw-p 00000000 00:00 0 
7f9b9e9a2000-7f9b9ea88000 ---p 00000000 00:00 0 
7f9b9ea88000-7f9b9ea8d000 rw-p 00000000 00:00 0 
7f9b9ea8d000-7f9b9eb73000 ---p 00000000 00:00 0 
7f9b9eb73000-7f9b9eb78000 r-xp 00000000 08:01 272065                     /usr/lib/jvm/java-11-openjdk-amd64/lib/libjimage.so
7f9b9eb78000-7f9b9ed77000 ---p 00005000 08:01 272065                     /usr/lib/jvm/java-11-openjdk-amd64/lib/libjimage.so
7f9b9ed77000-7f9b9ed78000 r--p 00004000 08:01 272065                     /usr/lib/jvm/java-11-openjdk-amd64/lib/libjimage.so
7f9b9ed78000-7f9b9ed79000 rw-p 00005000 08:01 272065                     /usr/lib/jvm/java-11-openjdk-amd64/lib/libjimage.so
7f9b9ed79000-7f9b9ed80000 r-xp 00000000 08:01 272082                     /usr/lib/jvm/java-11-openjdk-amd64/lib/libzip.so
7f9b9ed80000-7f9b9ef7f000 ---p 00007000 08:01 272082                     /usr/lib/jvm/java-11-openjdk-amd64/lib/libzip.so
7f9b9ef7f000-7f9b9ef80000 r--p 00006000 08:01 272082                     /usr/lib/jvm/java-11-openjdk-amd64/lib/libzip.so
7f9b9ef80000-7f9b9ef81000 rw-p 00007000 08:01 272082                     /usr/lib/jvm/java-11-openjdk-amd64/lib/libzip.so
7f9b9ef81000-7f9b9ef8c000 r-xp 00000000 08:01 2094                       /lib/x86_64-linux-gnu/libnss_files-2.27.so
7f9b9ef8c000-7f9b9f18b000 ---p 0000b000 08:01 2094                       /lib/x86_64-linux-gnu/libnss_files-2.27.so
7f9b9f18b000-7f9b9f18c000 r--p 0000a000 08:01 2094                       /lib/x86_64-linux-gnu/libnss_files-2.27.so
7f9b9f18c000-7f9b9f18d000 rw-p 0000b000 08:01 2094                       /lib/x86_64-linux-gnu/libnss_files-2.27.so
7f9b9f18d000-7f9b9f193000 rw-p 00000000 00:00 0 
7f9b9f193000-7f9b9f1aa000 r-xp 00000000 08:01 2091                       /lib/x86_64-linux-gnu/libnsl-2.27.so
7f9b9f1aa000-7f9b9f3a9000 ---p 00017000 08:01 2091                       /lib/x86_64-linux-gnu/libnsl-2.27.so
7f9b9f3a9000-7f9b9f3aa000 r--p 00016000 08:01 2091                       /lib/x86_64-linux-gnu/libnsl-2.27.so
7f9b9f3aa000-7f9b9f3ab000 rw-p 00017000 08:01 2091                       /lib/x86_64-linux-gnu/libnsl-2.27.so
7f9b9f3ab000-7f9b9f3ad000 rw-p 00000000 00:00 0 
7f9b9f3ad000-7f9b9f3b8000 r-xp 00000000 08:01 2096                       /lib/x86_64-linux-gnu/libnss_nis-2.27.so
7f9b9f3b8000-7f9b9f5b7000 ---p 0000b000 08:01 2096                       /lib/x86_64-linux-gnu/libnss_nis-2.27.so
7f9b9f5b7000-7f9b9f5b8000 r--p 0000a000 08:01 2096                       /lib/x86_64-linux-gnu/libnss_nis-2.27.so
7f9b9f5b8000-7f9b9f5b9000 rw-p 0000b000 08:01 2096                       /lib/x86_64-linux-gnu/libnss_nis-2.27.so
7f9b9f5b9000-7f9b9f5c1000 r-xp 00000000 08:01 2092                       /lib/x86_64-linux-gnu/libnss_compat-2.27.so
7f9b9f5c1000-7f9b9f7c1000 ---p 00008000 08:01 2092                       /lib/x86_64-linux-gnu/libnss_compat-2.27.so
7f9b9f7c1000-7f9b9f7c2000 r--p 00008000 08:01 2092                       /lib/x86_64-linux-gnu/libnss_compat-2.27.so
7f9b9f7c2000-7f9b9f7c3000 rw-p 00009000 08:01 2092                       /lib/x86_64-linux-gnu/libnss_compat-2.27.so
7f9b9f7c3000-7f9b9f7ec000 r-xp 00000000 08:01 272061                     /usr/lib/jvm/java-11-openjdk-amd64/lib/libjava.so
7f9b9f7ec000-7f9b9f9eb000 ---p 00029000 08:01 272061                     /usr/lib/jvm/java-11-openjdk-amd64/lib/libjava.so
7f9b9f9eb000-7f9b9f9ec000 r--p 00028000 08:01 272061                     /usr/lib/jvm/java-11-openjdk-amd64/lib/libjava.so
7f9b9f9ec000-7f9b9f9ee000 rw-p 00029000 08:01 272061                     /usr/lib/jvm/java-11-openjdk-amd64/lib/libjava.so
7f9b9f9ee000-7f9b9f9fb000 r-xp 00000000 08:01 272081                     /usr/lib/jvm/java-11-openjdk-amd64/lib/libverify.so
7f9b9f9fb000-7f9b9fbfa000 ---p 0000d000 08:01 272081                     /usr/lib/jvm/java-11-openjdk-amd64/lib/libverify.so
7f9b9fbfa000-7f9b9fbfc000 r--p 0000c000 08:01 272081                     /usr/lib/jvm/java-11-openjdk-amd64/lib/libverify.so
7f9b9fbfc000-7f9b9fbfd000 rw-p 0000e000 08:01 272081                     /usr/lib/jvm/java-11-openjdk-amd64/lib/libverify.so
7f9b9fbfd000-7f9b9fc04000 r-xp 00000000 08:01 2182                       /lib/x86_64-linux-gnu/librt-2.27.so
7f9b9fc04000-7f9b9fe03000 ---p 00007000 08:01 2182                       /lib/x86_64-linux-gnu/librt-2.27.so
7f9b9fe03000-7f9b9fe04000 r--p 00006000 08:01 2182                       /lib/x86_64-linux-gnu/librt-2.27.so
7f9b9fe04000-7f9b9fe05000 rw-p 00007000 08:01 2182                       /lib/x86_64-linux-gnu/librt-2.27.so
7f9b9fe05000-7f9b9fe1c000 r-xp 00000000 08:01 2097                       /lib/x86_64-linux-gnu/libgcc_s.so.1
7f9b9fe1c000-7f9ba001b000 ---p 00017000 08:01 2097                       /lib/x86_64-linux-gnu/libgcc_s.so.1
7f9ba001b000-7f9ba001c000 r--p 00016000 08:01 2097                       /lib/x86_64-linux-gnu/libgcc_s.so.1
7f9ba001c000-7f9ba001d000 rw-p 00017000 08:01 2097                       /lib/x86_64-linux-gnu/libgcc_s.so.1
7f9ba001d000-7f9ba01ba000 r-xp 00000000 08:01 2088                       /lib/x86_64-linux-gnu/libm-2.27.so
7f9ba01ba000-7f9ba03b9000 ---p 0019d000 08:01 2088                       /lib/x86_64-linux-gnu/libm-2.27.so
7f9ba03b9000-7f9ba03ba000 r--p 0019c000 08:01 2088                       /lib/x86_64-linux-gnu/libm-2.27.so
7f9ba03ba000-7f9ba03bb000 rw-p 0019d000 08:01 2088                       /lib/x86_64-linux-gnu/libm-2.27.so
7f9ba03bb000-7f9ba0534000 r-xp 00000000 08:01 5029                       /usr/lib/x86_64-linux-gnu/libstdc++.so.6.0.25
7f9ba0534000-7f9ba0734000 ---p 00179000 08:01 5029                       /usr/lib/x86_64-linux-gnu/libstdc++.so.6.0.25
7f9ba0734000-7f9ba073e000 r--p 00179000 08:01 5029                       /usr/lib/x86_64-linux-gnu/libstdc++.so.6.0.25
7f9ba073e000-7f9ba0740000 rw-p 00183000 08:01 5029                       /usr/lib/x86_64-linux-gnu/libstdc++.so.6.0.25
7f9ba0740000-7f9ba0744000 rw-p 00000000 00:00 0 
7f9ba0744000-7f9ba180c000 r-xp 00000000 08:01 272088                     /usr/lib/jvm/java-11-openjdk-amd64/lib/server/libjvm.so
7f9ba180c000-7f9ba1a0c000 ---p 010c8000 08:01 272088                     /usr/lib/jvm/java-11-openjdk-amd64/lib/server/libjvm.so
7f9ba1a0c000-7f9ba1ac9000 r--p 010c8000 08:01 272088                     /usr/lib/jvm/java-11-openjdk-amd64/lib/server/libjvm.so
7f9ba1ac9000-7f9ba1b02000 rw-p 01185000 08:01 272088                     /usr/lib/jvm/java-11-openjdk-amd64/lib/server/libjvm.so
7f9ba1b02000-7f9ba1b58000 rw-p 00000000 00:00 0 
7f9ba1b58000-7f9ba1b72000 r-xp 00000000 08:01 2180                       /lib/x86_64-linux-gnu/libpthread-2.27.so
7f9ba1b72000-7f9ba1d71000 ---p 0001a000 08:01 2180                       /lib/x86_64-linux-gnu/libpthread-2.27.so
7f9ba1d71000-7f9ba1d72000 r--p 00019000 08:01 2180                       /lib/x86_64-linux-gnu/libpthread-2.27.so
7f9ba1d72000-7f9ba1d73000 rw-p 0001a000 08:01 2180                       /lib/x86_64-linux-gnu/libpthread-2.27.so
7f9ba1d73000-7f9ba1d77000 rw-p 00000000 00:00 0 
7f9ba1d77000-7f9ba1d7a000 r-xp 00000000 08:01 2087                       /lib/x86_64-linux-gnu/libdl-2.27.so
7f9ba1d7a000-7f9ba1f79000 ---p 00003000 08:01 2087                       /lib/x86_64-linux-gnu/libdl-2.27.so
7f9ba1f79000-7f9ba1f7a000 r--p 00002000 08:01 2087                       /lib/x86_64-linux-gnu/libdl-2.27.so
7f9ba1f7a000-7f9ba1f7b000 rw-p 00003000 08:01 2087                       /lib/x86_64-linux-gnu/libdl-2.27.so
7f9ba1f7b000-7f9ba1f97000 r-xp 00000000 08:01 2186                       /lib/x86_64-linux-gnu/libz.so.1.2.11
7f9ba1f97000-7f9ba2196000 ---p 0001c000 08:01 2186                       /lib/x86_64-linux-gnu/libz.so.1.2.11
7f9ba2196000-7f9ba2197000 r--p 0001b000 08:01 2186                       /lib/x86_64-linux-gnu/libz.so.1.2.11
7f9ba2197000-7f9ba2198000 rw-p 0001c000 08:01 2186                       /lib/x86_64-linux-gnu/libz.so.1.2.11
7f9ba2198000-7f9ba237f000 r-xp 00000000 08:01 2084                       /lib/x86_64-linux-gnu/libc-2.27.so
7f9ba237f000-7f9ba257f000 ---p 001e7000 08:01 2084                       /lib/x86_64-linux-gnu/libc-2.27.so
7f9ba257f000-7f9ba2583000 r--p 001e7000 08:01 2084                       /lib/x86_64-linux-gnu/libc-2.27.so
7f9ba2583000-7f9ba2585000 rw-p 001eb000 08:01 2084                       /lib/x86_64-linux-gnu/libc-2.27.so
7f9ba2585000-7f9ba2589000 rw-p 00000000 00:00 0 
7f9ba2589000-7f9ba2598000 r-xp 00000000 08:01 272046                     /usr/lib/jvm/java-11-openjdk-amd64/lib/jli/libjli.so
7f9ba2598000-7f9ba2798000 ---p 0000f000 08:01 272046                     /usr/lib/jvm/java-11-openjdk-amd64/lib/jli/libjli.so
7f9ba2798000-7f9ba2799000 r--p 0000f000 08:01 272046                     /usr/lib/jvm/java-11-openjdk-amd64/lib/jli/libjli.so
7f9ba2799000-7f9ba279a000 rw-p 00010000 08:01 272046                     /usr/lib/jvm/java-11-openjdk-amd64/lib/jli/libjli.so
7f9ba279a000-7f9ba27c1000 r-xp 00000000 08:01 2080                       /lib/x86_64-linux-gnu/ld-2.27.so
7f9ba27ee000-7f9ba28a4000 rw-p 00000000 00:00 0 
7f9ba28a4000-7f9ba28ab000 ---p 00000000 00:00 0 
7f9ba28ab000-7f9ba28b3000 rw-s 00000000 08:01 258282                     /tmp/hsperfdata_kensim/6004
7f9ba28b3000-7f9ba28b7000 ---p 00000000 00:00 0 
7f9ba28b7000-7f9ba29b6000 rw-p 00000000 00:00 0 
7f9ba29bb000-7f9ba29bd000 r--s 00007000 08:01 12166                      /usr/share/java/java-atk-wrapper.jar
7f9ba29bd000-7f9ba29be000 ---p 00000000 00:00 0 
7f9ba29be000-7f9ba29bf000 r--p 00000000 00:00 0 
7f9ba29bf000-7f9ba29c1000 rw-p 00000000 00:00 0 
7f9ba29c1000-7f9ba29c2000 r--p 00027000 08:01 2080                       /lib/x86_64-linux-gnu/ld-2.27.so
7f9ba29c2000-7f9ba29c3000 rw-p 00028000 08:01 2080                       /lib/x86_64-linux-gnu/ld-2.27.so
7f9ba29c3000-7f9ba29c4000 rw-p 00000000 00:00 0 
7ffff6e77000-7ffff6e98000 rw-p 00000000 00:00 0                          [stack]
7ffff6fd6000-7ffff6fd9000 r--p 00000000 00:00 0                          [vvar]
7ffff6fd9000-7ffff6fdb000 r-xp 00000000 00:00 0                          [vdso]
ffffffffff600000-ffffffffff601000 r-xp 00000000 00:00 0                  [vsyscall]


VM Arguments:
jvm_args: -Xms7192M -Xmx7192M 
java_command: spigot-1.14.1.jar
java_class_path (initial): spigot-1.14.1.jar
Launcher Type: SUN_STANDARD

[Global flags]
     intx CICompilerCount                          = 2                                         {product} {ergonomic}
     uint ConcGCThreads                            = 1                                         {product} {ergonomic}
     uint G1ConcRefinementThreads                  = 2                                         {product} {ergonomic}
   size_t G1HeapRegionSize                         = 2097152                                   {product} {ergonomic}
    uintx GCDrainStackTargetSize                   = 64                                        {product} {ergonomic}
   size_t InitialHeapSize                          = 7541358592                                {product} {command line}
   size_t MarkStackSize                            = 4194304                                   {product} {ergonomic}
   size_t MaxHeapSize                              = 7541358592                                {product} {command line}
   size_t MinHeapDeltaBytes                        = 2097152                                   {product} {ergonomic}
    uintx NonNMethodCodeHeapSize                   = 5824844                                {pd product} {ergonomic}
    uintx NonProfiledCodeHeapSize                  = 122916698                              {pd product} {ergonomic}
    uintx ProfiledCodeHeapSize                     = 122916698                              {pd product} {ergonomic}
    uintx ReservedCodeCacheSize                    = 251658240                              {pd product} {ergonomic}
     bool SegmentedCodeCache                       = true                                      {product} {ergonomic}
     bool UseCompressedClassPointers               = true                                 {lp64_product} {ergonomic}
     bool UseCompressedOops                        = true                                 {lp64_product} {ergonomic}
     bool UseG1GC                                  = true                                      {product} {ergonomic}

Logging:
Log output configuration:
 #0: stdout all=warning uptime,level,tags
 #1: stderr all=off uptime,level,tags

Environment Variables:
PATH=/usr/local/sbin:/usr/local/bin:/usr/sbin:/usr/bin:/sbin:/bin:/usr/games:/usr/local/games:/snap/bin
SHELL=/bin/bash

Signal Handlers:
SIGSEGV: [libjvm.so+0xde2f90], sa_mask[0]=11111111011111111101111111111110, sa_flags=SA_RESTART|SA_SIGINFO
SIGBUS: [libjvm.so+0xde2f90], sa_mask[0]=11111111011111111101111111111110, sa_flags=SA_RESTART|SA_SIGINFO
SIGFPE: [libjvm.so+0xde2f90], sa_mask[0]=11111111011111111101111111111110, sa_flags=SA_RESTART|SA_SIGINFO
SIGPIPE: [libjvm.so+0xbb85d0], sa_mask[0]=11111111011111111101111111111110, sa_flags=SA_RESTART|SA_SIGINFO
SIGXFSZ: [libjvm.so+0xbb85d0], sa_mask[0]=11111111011111111101111111111110, sa_flags=SA_RESTART|SA_SIGINFO
SIGILL: [libjvm.so+0xde2f90], sa_mask[0]=11111111011111111101111111111110, sa_flags=SA_RESTART|SA_SIGINFO
SIGUSR2: [libjvm.so+0xbb8470], sa_mask[0]=00000000000000000000000000000000, sa_flags=SA_RESTART|SA_SIGINFO
SIGHUP: SIG_DFL, sa_mask[0]=00000000000000000000000000000000, sa_flags=none
SIGINT: SIG_DFL, sa_mask[0]=00000000000000000000000000000000, sa_flags=none
SIGTERM: SIG_DFL, sa_mask[0]=00000000000000000000000000000000, sa_flags=none
SIGQUIT: SIG_DFL, sa_mask[0]=00000000000000000000000000000000, sa_flags=none


---------------  S Y S T E M  ---------------

OS:DISTRIB_ID=Ubuntu
DISTRIB_RELEASE=18.04
DISTRIB_CODENAME=bionic
DISTRIB_DESCRIPTION="Ubuntu 18.04.2 LTS"
uname:Linux 4.18.0-1018-azure #18~18.04.1-Ubuntu SMP Tue May 7 18:09:35 UTC 2019 x86_64
libc:glibc 2.27 NPTL 2.27 
rlimit: STACK 8192k, CORE 0k, NPROC 15584, NOFILE 1048576, AS infinity, DATA infinity, FSIZE infinity
load average:0.40 0.49 0.24

/proc/meminfo:
MemTotal:        4014296 kB
MemFree:         2810652 kB
MemAvailable:    3479084 kB
Buffers:           47904 kB
Cached:           790532 kB
SwapCached:            0 kB
Active:           312280 kB
Inactive:         591740 kB
Active(anon):      65960 kB
Inactive(anon):      288 kB
Active(file):     246320 kB
Inactive(file):   591452 kB
Unevictable:           0 kB
Mlocked:               0 kB
SwapTotal:             0 kB
SwapFree:              0 kB
Dirty:                24 kB
Writeback:             0 kB
AnonPages:         65548 kB
Mapped:            42564 kB
Shmem:               672 kB
Slab:             150520 kB
SReclaimable:      86296 kB
SUnreclaim:        64224 kB
KernelStack:        4424 kB
PageTables:         4072 kB
NFS_Unstable:          0 kB
Bounce:                0 kB
WritebackTmp:          0 kB
CommitLimit:     2007148 kB
Committed_AS:     291640 kB
VmallocTotal:   34359738367 kB
VmallocUsed:           0 kB
VmallocChunk:          0 kB
HardwareCorrupted:     0 kB
AnonHugePages:      2048 kB
ShmemHugePages:        0 kB
ShmemPmdMapped:        0 kB
CmaTotal:              0 kB
CmaFree:               0 kB
HugePages_Total:       0
HugePages_Free:        0
HugePages_Rsvd:        0
HugePages_Surp:        0
Hugepagesize:       2048 kB
Hugetlb:               0 kB
DirectMap4k:      128960 kB
DirectMap2M:     3016704 kB
DirectMap1G:     3145728 kB


/proc/sys/kernel/threads-max (system-wide limit on the number of threads):
31168


/proc/sys/vm/max_map_count (maximum number of memory map areas a process may have):
65530


/proc/sys/kernel/pid_max (system-wide limit on number of process identifiers):
131072



container (cgroup) information:
container_type: cgroupv1
cpu_cpuset_cpus: 0-1
cpu_memory_nodes: 0
active_processor_count: 2
cpu_quota: -1
cpu_period: 100000
cpu_shares: -1
memory_limit_in_bytes: -1
memory_and_swap_limit_in_bytes: -2
memory_soft_limit_in_bytes: -1
memory_usage_in_bytes: 715542528
memory_max_usage_in_bytes: 887947264


CPU:total 2 (initial active 2) (2 cores per cpu, 1 threads per core) family 6 model 79 stepping 1, cmov, cx8, fxsr, mmx, sse, sse2, sse3, ssse3, sse4.1, sse4.2, popcnt, avx, avx2, aes, clmul, erms, rtm, 3dnowpref, lzcnt, tsc, bmi1, bmi2, adx, fma
CPU Model and flags from /proc/cpuinfo:
model name	: Intel(R) Xeon(R) CPU E5-2673 v4 @ 2.30GHz
flags		: fpu vme de pse tsc msr pae mce cx8 apic sep mtrr pge mca cmov pat pse36 clflush mmx fxsr sse sse2 ss ht syscall nx pdpe1gb rdtscp lm constant_tsc rep_good nopl xtopology cpuid pni pclmulqdq ssse3 fma cx16 pcid sse4_1 sse4_2 movbe popcnt aes xsave avx f16c rdrand hypervisor lahf_lm abm 3dnowprefetch invpcid_single pti fsgsbase bmi1 hle avx2 smep bmi2 erms invpcid rtm rdseed adx smap xsaveopt md_clear

Memory: 4k page, physical 4014296k(2810652k free), swap 0k(0k free)

vm_info: OpenJDK 64-Bit Server VM (11.0.3+7-Ubuntu-1ubuntu218.04.1) for linux-amd64 JRE (11.0.3+7-Ubuntu-1ubuntu218.04.1), built on Apr 23 2019 18:34:35 by "buildd" with gcc 7.3.0

END.
